[2022-08-31 12:16:30.544] [exthost] [info] Extension host with pid 241 started
[2022-08-31 12:16:30.550] [exthost] [error] Error: EEXIST: file already exists, open '/config/data/User/workspaceStorage/-4403a425/vscode.lock'
[2022-08-31 12:16:30.567] [exthost] [info] Lock '/config/data/User/workspaceStorage/-4403a425/vscode.lock': Could not acquire lock, checking if the file is stale.
[2022-08-31 12:16:30.576] [exthost] [info] Lock '/config/data/User/workspaceStorage/-4403a425/vscode.lock': The pid 220 appears to be gone.
[2022-08-31 12:16:30.577] [exthost] [info] Lock '/config/data/User/workspaceStorage/-4403a425/vscode.lock': Deleting a stale lock.
[2022-08-31 12:16:30.583] [exthost] [info] Lock '/config/data/User/workspaceStorage/-4403a425/vscode.lock': Lock acquired.
[2022-08-31 12:16:30.649] [exthost] [info] ExtensionService#_doActivateExtension vscode.debug-auto-launch, startup: true, activationEvent: '*'
[2022-08-31 12:16:30.673] [exthost] [info] ExtensionService#_doActivateExtension vscode.git-base, startup: true, activationEvent: '*', root cause: vscode.git
[2022-08-31 12:16:30.683] [exthost] [info] ExtensionService#_doActivateExtension vscode.ipynb, startup: true, activationEvent: '*'
[2022-08-31 12:16:30.819] [exthost] [info] ExtensionService#_doActivateExtension vscode.git, startup: true, activationEvent: '*'
[2022-08-31 12:16:31.029] [exthost] [info] ExtensionService#_doActivateExtension vscode.github, startup: true, activationEvent: '*'
[2022-08-31 12:16:31.157] [exthost] [info] ExtensionService#_doActivateExtension vscode.emmet, startup: false, activationEvent: 'onStartupFinished'
[2022-08-31 12:16:31.187] [exthost] [info] ExtensionService#_doActivateExtension vscode.merge-conflict, startup: false, activationEvent: 'onStartupFinished'
[2022-08-31 12:16:31.197] [exthost] [info] Eager extensions activated
[2022-08-31 12:28:44.130] [exthost] [info] ExtensionService#_doActivateExtension vscode.extension-editing, startup: false, activationEvent: 'onLanguage:markdown'
[2022-08-31 12:28:44.155] [exthost] [info] ExtensionService#_doActivateExtension vscode.markdown-language-features, startup: false, activationEvent: 'onLanguage:markdown'
[2022-08-31 12:28:44.862] [exthost] [info] ExtensionService#_doActivateExtension vscode.markdown-math, startup: false, activationEvent: 'api', root cause: vscode.markdown-language-features
[2022-08-31 13:47:39.491] [exthost] [info] Extension host terminating: renderer disconnected for too long (2)
[2022-08-31 13:47:39.495] [exthost] [info] Lock '/config/data/User/workspaceStorage/-4403a425/vscode.lock': Marking the lockfile as scheduled to be released in 6000 ms.
[2022-08-31 13:47:39.559] [exthost] [info] Extension host with pid 241 exiting with code 0
